{
  "stats": {
    "suites": 6,
    "tests": 48,
    "passes": 46,
    "pending": 0,
    "failures": 2,
    "testsRegistered": 48,
    "passPercent": 95.83333333333333,
    "pendingPercent": 0,
    "other": 0,
    "hasOther": false,
    "skipped": 0,
    "hasSkipped": false,
    "start": "2025-10-22T20:49:48.420Z",
    "end": "2025-10-22T21:03:45.743Z",
    "duration": 837323
  },
  "results": [
    {
      "uuid": "6a7cb2a2-1203-452c-b828-63c3f34e85fe",
      "title": "",
      "fullFile": "cypress\\e2e\\Application.cy.js",
      "file": "cypress\\e2e\\Application.cy.js",
      "beforeHooks": [],
      "afterHooks": [],
      "tests": [],
      "suites": [
        {
          "uuid": "5f7985f8-c59f-4b67-af6e-9226bca73511",
          "title": "Infinity Application",
          "fullFile": "",
          "file": "",
          "beforeHooks": [],
          "afterHooks": [],
          "tests": [],
          "suites": [
            {
              "uuid": "4093d3ac-f1a9-4a78-afbe-151b4824b4e1",
              "title": "TS01: Visit Application URL",
              "fullFile": "",
              "file": "",
              "beforeHooks": [],
              "afterHooks": [],
              "tests": [
                {
                  "title": "TC1.1: Login page should be opened successfully",
                  "fullTitle": "Infinity Application TS01: Visit Application URL TC1.1: Login page should be opened successfully",
                  "timedOut": null,
                  "duration": 3491,
                  "state": "passed",
                  "speed": "fast",
                  "pass": true,
                  "fail": false,
                  "pending": false,
                  "context": null,
                  "code": "loginPage.visiturl();",
                  "err": {},
                  "uuid": "0c15921d-696c-4567-a46b-09d651dda4a1",
                  "parentUUID": "4093d3ac-f1a9-4a78-afbe-151b4824b4e1",
                  "isHook": false,
                  "skipped": false
                }
              ],
              "suites": [],
              "passes": [
                "0c15921d-696c-4567-a46b-09d651dda4a1"
              ],
              "failures": [],
              "pending": [],
              "skipped": [],
              "duration": 3491,
              "root": false,
              "rootEmpty": false,
              "_timeout": 2000
            },
            {
              "uuid": "952d9503-2e1a-4469-a952-5c5f0f449b80",
              "title": "TS02: Language Change Validation",
              "fullFile": "",
              "file": "",
              "beforeHooks": [],
              "afterHooks": [],
              "tests": [
                {
                  "title": "TC2.1: Change language to French and back to English",
                  "fullTitle": "Infinity Application TS02: Language Change Validation TC2.1: Change language to French and back to English",
                  "timedOut": null,
                  "duration": 6395,
                  "state": "passed",
                  "speed": "medium",
                  "pass": true,
                  "fail": false,
                  "pending": false,
                  "context": null,
                  "code": "loginPage.ValidateLanguageChange();",
                  "err": {},
                  "uuid": "22ae31d3-979f-4d95-bbfc-2485a297e61d",
                  "parentUUID": "952d9503-2e1a-4469-a952-5c5f0f449b80",
                  "isHook": false,
                  "skipped": false
                }
              ],
              "suites": [],
              "passes": [
                "22ae31d3-979f-4d95-bbfc-2485a297e61d"
              ],
              "failures": [],
              "pending": [],
              "skipped": [],
              "duration": 6395,
              "root": false,
              "rootEmpty": false,
              "_timeout": 2000
            },
            {
              "uuid": "22ee3d35-be44-4c06-857f-8df5a32a7a01",
              "title": "TS03: Login and Verify Dashboard",
              "fullFile": "",
              "file": "",
              "beforeHooks": [],
              "afterHooks": [],
              "tests": [
                {
                  "title": "TC3.1 Login with Valid Credentials and check remember me box",
                  "fullTitle": "Infinity Application TS03: Login and Verify Dashboard TC3.1 Login with Valid Credentials and check remember me box",
                  "timedOut": null,
                  "duration": 648,
                  "state": "passed",
                  "speed": "fast",
                  "pass": true,
                  "fail": false,
                  "pending": false,
                  "context": null,
                  "code": "loginPage.login('apak', 'apak');",
                  "err": {},
                  "uuid": "0a9c267f-a166-471b-91a1-c5fb0735ec9b",
                  "parentUUID": "22ee3d35-be44-4c06-857f-8df5a32a7a01",
                  "isHook": false,
                  "skipped": false
                },
                {
                  "title": "TC3.2 Verify logged in user",
                  "fullTitle": "Infinity Application TS03: Login and Verify Dashboard TC3.2 Verify logged in user",
                  "timedOut": null,
                  "duration": 4057,
                  "state": "passed",
                  "speed": "fast",
                  "pass": true,
                  "fail": false,
                  "pending": false,
                  "context": null,
                  "code": "loginPage.verifyloggedInUser();",
                  "err": {},
                  "uuid": "95ae51aa-10c6-4c57-b20e-d0a471005560",
                  "parentUUID": "22ee3d35-be44-4c06-857f-8df5a32a7a01",
                  "isHook": false,
                  "skipped": false
                },
                {
                  "title": "TC3.3 Verify Dashboard visibility",
                  "fullTitle": "Infinity Application TS03: Login and Verify Dashboard TC3.3 Verify Dashboard visibility",
                  "timedOut": null,
                  "duration": 9989,
                  "state": "passed",
                  "speed": "medium",
                  "pass": true,
                  "fail": false,
                  "pending": false,
                  "context": null,
                  "code": "loginPage.verifydashboardVisible();",
                  "err": {},
                  "uuid": "bfedb28a-156d-4e70-becd-d3abbea896d8",
                  "parentUUID": "22ee3d35-be44-4c06-857f-8df5a32a7a01",
                  "isHook": false,
                  "skipped": false
                }
              ],
              "suites": [],
              "passes": [
                "0a9c267f-a166-471b-91a1-c5fb0735ec9b",
                "95ae51aa-10c6-4c57-b20e-d0a471005560",
                "bfedb28a-156d-4e70-becd-d3abbea896d8"
              ],
              "failures": [],
              "pending": [],
              "skipped": [],
              "duration": 14694,
              "root": false,
              "rootEmpty": false,
              "_timeout": 2000
            },
            {
              "uuid": "f4ac3391-c1bd-4166-92fe-ac816e820377",
              "title": "TS04: Sign out and Verify User is Logged Out",
              "fullFile": "",
              "file": "",
              "beforeHooks": [],
              "afterHooks": [],
              "tests": [
                {
                  "title": "TC4.1 Verify perfect signout",
                  "fullTitle": "Infinity Application TS04: Sign out and Verify User is Logged Out TC4.1 Verify perfect signout",
                  "timedOut": null,
                  "duration": 84245,
                  "state": "passed",
                  "speed": "slow",
                  "pass": true,
                  "fail": false,
                  "pending": false,
                  "context": null,
                  "code": "loginPage.Signout();",
                  "err": {},
                  "uuid": "6f22e6b4-0dda-444c-93c8-a104ced94663",
                  "parentUUID": "f4ac3391-c1bd-4166-92fe-ac816e820377",
                  "isHook": false,
                  "skipped": false
                },
                {
                  "title": "TC4.2 Verify Username Availability",
                  "fullTitle": "Infinity Application TS04: Sign out and Verify User is Logged Out TC4.2 Verify Username Availability",
                  "timedOut": null,
                  "duration": 19,
                  "state": "passed",
                  "speed": "fast",
                  "pass": true,
                  "fail": false,
                  "pending": false,
                  "context": null,
                  "code": "loginPage.verifyUsernameAfterLogout();",
                  "err": {},
                  "uuid": "f695a5a3-03c9-4bce-96e9-d0d9bb9efcf2",
                  "parentUUID": "f4ac3391-c1bd-4166-92fe-ac816e820377",
                  "isHook": false,
                  "skipped": false
                }
              ],
              "suites": [],
              "passes": [
                "6f22e6b4-0dda-444c-93c8-a104ced94663",
                "f695a5a3-03c9-4bce-96e9-d0d9bb9efcf2"
              ],
              "failures": [],
              "pending": [],
              "skipped": [],
              "duration": 84264,
              "root": false,
              "rootEmpty": false,
              "_timeout": 2000
            },
            {
              "uuid": "dabf0890-54c5-4767-9d23-247baaf8b60d",
              "title": "TS05: Verify forgot password functionality",
              "fullFile": "",
              "file": "",
              "beforeHooks": [],
              "afterHooks": [],
              "tests": [
                {
                  "title": "TC5.1 Verify Forgot Password functionality",
                  "fullTitle": "Infinity Application TS05: Verify forgot password functionality TC5.1 Verify Forgot Password functionality",
                  "timedOut": null,
                  "duration": 3799,
                  "state": "passed",
                  "speed": "fast",
                  "pass": true,
                  "fail": false,
                  "pending": false,
                  "context": null,
                  "code": "loginPage.verifyforgotpasswordfunctionality();",
                  "err": {},
                  "uuid": "59c4a1aa-3263-44cb-9ff8-2df0c2aa8eaf",
                  "parentUUID": "dabf0890-54c5-4767-9d23-247baaf8b60d",
                  "isHook": false,
                  "skipped": false
                }
              ],
              "suites": [],
              "passes": [
                "59c4a1aa-3263-44cb-9ff8-2df0c2aa8eaf"
              ],
              "failures": [],
              "pending": [],
              "skipped": [],
              "duration": 3799,
              "root": false,
              "rootEmpty": false,
              "_timeout": 2000
            }
          ],
          "passes": [],
          "failures": [],
          "pending": [],
          "skipped": [],
          "duration": 0,
          "root": false,
          "rootEmpty": false,
          "_timeout": 2000
        }
      ],
      "passes": [],
      "failures": [],
      "pending": [],
      "skipped": [],
      "duration": 0,
      "root": true,
      "rootEmpty": true,
      "_timeout": 2000
    },
    {
      "uuid": "6f02d092-c71c-4fd6-b6b5-f6c39338c98c",
      "title": "",
      "fullFile": "cypress\\e2e\\Application.cy.js",
      "file": "cypress\\e2e\\Application.cy.js",
      "beforeHooks": [],
      "afterHooks": [],
      "tests": [],
      "suites": [
        {
          "uuid": "d0bdc1ea-4663-40db-a517-77b8d0a3e859",
          "title": "Infinity Application",
          "fullFile": "",
          "file": "",
          "beforeHooks": [],
          "afterHooks": [],
          "tests": [],
          "suites": [
            {
              "uuid": "b1984b72-f63e-47b0-85d7-bd35b4494bf2",
              "title": "TS01: Visit Application URL",
              "fullFile": "",
              "file": "",
              "beforeHooks": [],
              "afterHooks": [],
              "tests": [
                {
                  "title": "TC1.1: Login page should be opened successfully",
                  "fullTitle": "Infinity Application TS01: Visit Application URL TC1.1: Login page should be opened successfully",
                  "timedOut": null,
                  "duration": 4164,
                  "state": "passed",
                  "speed": "fast",
                  "pass": true,
                  "fail": false,
                  "pending": false,
                  "context": null,
                  "code": "loginPage.visiturl();",
                  "err": {},
                  "uuid": "d7076619-0e4a-4628-bb0c-d2569b7bbd80",
                  "parentUUID": "b1984b72-f63e-47b0-85d7-bd35b4494bf2",
                  "isHook": false,
                  "skipped": false
                }
              ],
              "suites": [],
              "passes": [
                "d7076619-0e4a-4628-bb0c-d2569b7bbd80"
              ],
              "failures": [],
              "pending": [],
              "skipped": [],
              "duration": 4164,
              "root": false,
              "rootEmpty": false,
              "_timeout": 2000
            },
            {
              "uuid": "1ce028a3-0aa5-462e-b2ec-1bb36531d21a",
              "title": "TS02: Language Change Validation",
              "fullFile": "",
              "file": "",
              "beforeHooks": [],
              "afterHooks": [],
              "tests": [
                {
                  "title": "TC2.1: Change language to French and back to English",
                  "fullTitle": "Infinity Application TS02: Language Change Validation TC2.1: Change language to French and back to English",
                  "timedOut": null,
                  "duration": 6473,
                  "state": "passed",
                  "speed": "medium",
                  "pass": true,
                  "fail": false,
                  "pending": false,
                  "context": null,
                  "code": "loginPage.ValidateLanguageChange();",
                  "err": {},
                  "uuid": "4ddb39db-62f9-44b0-b43c-66cc59b60aaa",
                  "parentUUID": "1ce028a3-0aa5-462e-b2ec-1bb36531d21a",
                  "isHook": false,
                  "skipped": false
                }
              ],
              "suites": [],
              "passes": [
                "4ddb39db-62f9-44b0-b43c-66cc59b60aaa"
              ],
              "failures": [],
              "pending": [],
              "skipped": [],
              "duration": 6473,
              "root": false,
              "rootEmpty": false,
              "_timeout": 2000
            },
            {
              "uuid": "f8fab9e3-cdf7-40b3-808d-a0c508bf0219",
              "title": "TS03: Login and Verify Dashboard",
              "fullFile": "",
              "file": "",
              "beforeHooks": [],
              "afterHooks": [],
              "tests": [
                {
                  "title": "TC3.1 Login with Valid Credentials and check remember me box",
                  "fullTitle": "Infinity Application TS03: Login and Verify Dashboard TC3.1 Login with Valid Credentials and check remember me box",
                  "timedOut": null,
                  "duration": 661,
                  "state": "passed",
                  "speed": "fast",
                  "pass": true,
                  "fail": false,
                  "pending": false,
                  "context": null,
                  "code": "loginPage.login('apak', 'apak');",
                  "err": {},
                  "uuid": "3008e273-c158-4661-bf71-009d4270f021",
                  "parentUUID": "f8fab9e3-cdf7-40b3-808d-a0c508bf0219",
                  "isHook": false,
                  "skipped": false
                },
                {
                  "title": "TC3.2 Verify logged in user",
                  "fullTitle": "Infinity Application TS03: Login and Verify Dashboard TC3.2 Verify logged in user",
                  "timedOut": null,
                  "duration": 4231,
                  "state": "passed",
                  "speed": "fast",
                  "pass": true,
                  "fail": false,
                  "pending": false,
                  "context": null,
                  "code": "loginPage.verifyloggedInUser();",
                  "err": {},
                  "uuid": "cda75fea-4125-4a48-9330-329b617792f0",
                  "parentUUID": "f8fab9e3-cdf7-40b3-808d-a0c508bf0219",
                  "isHook": false,
                  "skipped": false
                },
                {
                  "title": "TC3.3 Verify Dashboard visibility",
                  "fullTitle": "Infinity Application TS03: Login and Verify Dashboard TC3.3 Verify Dashboard visibility",
                  "timedOut": null,
                  "duration": 7195,
                  "state": "passed",
                  "speed": "medium",
                  "pass": true,
                  "fail": false,
                  "pending": false,
                  "context": null,
                  "code": "loginPage.verifydashboardVisible();",
                  "err": {},
                  "uuid": "93f4ba9c-5b41-4c9c-825d-d02b757ab987",
                  "parentUUID": "f8fab9e3-cdf7-40b3-808d-a0c508bf0219",
                  "isHook": false,
                  "skipped": false
                }
              ],
              "suites": [],
              "passes": [
                "3008e273-c158-4661-bf71-009d4270f021",
                "cda75fea-4125-4a48-9330-329b617792f0",
                "93f4ba9c-5b41-4c9c-825d-d02b757ab987"
              ],
              "failures": [],
              "pending": [],
              "skipped": [],
              "duration": 12087,
              "root": false,
              "rootEmpty": false,
              "_timeout": 2000
            },
            {
              "uuid": "06cc1b6e-f384-4540-9f19-b7ef36bb32ed",
              "title": "TS04: Sign out and Verify User is Logged Out",
              "fullFile": "",
              "file": "",
              "beforeHooks": [],
              "afterHooks": [],
              "tests": [
                {
                  "title": "TC4.1 Verify perfect signout",
                  "fullTitle": "Infinity Application TS04: Sign out and Verify User is Logged Out TC4.1 Verify perfect signout",
                  "timedOut": null,
                  "duration": 3075,
                  "state": "passed",
                  "speed": "fast",
                  "pass": true,
                  "fail": false,
                  "pending": false,
                  "context": null,
                  "code": "loginPage.Signout();",
                  "err": {},
                  "uuid": "de81f9c8-ca50-4a2a-be58-b26a67aaaab7",
                  "parentUUID": "06cc1b6e-f384-4540-9f19-b7ef36bb32ed",
                  "isHook": false,
                  "skipped": false
                },
                {
                  "title": "TC4.2 Verify Username Availability",
                  "fullTitle": "Infinity Application TS04: Sign out and Verify User is Logged Out TC4.2 Verify Username Availability",
                  "timedOut": null,
                  "duration": 7,
                  "state": "passed",
                  "speed": "fast",
                  "pass": true,
                  "fail": false,
                  "pending": false,
                  "context": null,
                  "code": "loginPage.verifyUsernameAfterLogout();",
                  "err": {},
                  "uuid": "a87139cb-ec7c-4bc6-a3f8-c3871dcf05f2",
                  "parentUUID": "06cc1b6e-f384-4540-9f19-b7ef36bb32ed",
                  "isHook": false,
                  "skipped": false
                }
              ],
              "suites": [],
              "passes": [
                "de81f9c8-ca50-4a2a-be58-b26a67aaaab7",
                "a87139cb-ec7c-4bc6-a3f8-c3871dcf05f2"
              ],
              "failures": [],
              "pending": [],
              "skipped": [],
              "duration": 3082,
              "root": false,
              "rootEmpty": false,
              "_timeout": 2000
            },
            {
              "uuid": "56de3eac-df37-4551-8250-da7f6920136e",
              "title": "TS05: Verify forgot password functionality",
              "fullFile": "",
              "file": "",
              "beforeHooks": [],
              "afterHooks": [],
              "tests": [
                {
                  "title": "TC5.1 Verify Forgot Password functionality",
                  "fullTitle": "Infinity Application TS05: Verify forgot password functionality TC5.1 Verify Forgot Password functionality",
                  "timedOut": null,
                  "duration": 4663,
                  "state": "failed",
                  "speed": null,
                  "pass": false,
                  "fail": true,
                  "pending": false,
                  "context": null,
                  "code": "loginPage.verifyforgotpasswordfunctionality();",
                  "err": {
                    "message": "AssertionError: Timed out retrying after 4000ms: expected '<input#txt-email-pwd.form-control.adjust-font>' to have value 'asad.hashmi@constellationfs.com', but the value was 'as'",
                    "estack": "AssertionError: Timed out retrying after 4000ms: expected '<input#txt-email-pwd.form-control.adjust-font>' to have value 'asad.hashmi@constellationfs.com', but the value was 'as'\n    at LoginPage.verifyforgotpasswordfunctionality (webpack://infinityautomation/./cypress/e2e/pages/OM_login.js:111:5)\n    at Context.eval (webpack://infinityautomation/./cypress/e2e/Application.cy.js:57:22)",
                    "diff": "- 'as'\n+ 'asad.hashmi@constellationfs.com'\n"
                  },
                  "uuid": "d3344c35-9c43-4dbd-905e-478e73e0eded",
                  "parentUUID": "56de3eac-df37-4551-8250-da7f6920136e",
                  "isHook": false,
                  "skipped": false
                }
              ],
              "suites": [],
              "passes": [],
              "failures": [
                "d3344c35-9c43-4dbd-905e-478e73e0eded"
              ],
              "pending": [],
              "skipped": [],
              "duration": 4663,
              "root": false,
              "rootEmpty": false,
              "_timeout": 2000
            }
          ],
          "passes": [],
          "failures": [],
          "pending": [],
          "skipped": [],
          "duration": 0,
          "root": false,
          "rootEmpty": false,
          "_timeout": 2000
        }
      ],
      "passes": [],
      "failures": [],
      "pending": [],
      "skipped": [],
      "duration": 0,
      "root": true,
      "rootEmpty": true,
      "_timeout": 2000
    },
    {
      "uuid": "1f02f82d-62dd-466e-812f-96b80d5f9094",
      "title": "",
      "fullFile": "cypress\\e2e\\Application.cy.js",
      "file": "cypress\\e2e\\Application.cy.js",
      "beforeHooks": [],
      "afterHooks": [],
      "tests": [],
      "suites": [
        {
          "uuid": "7cbc2227-49ee-439f-abb0-e431d6b8556f",
          "title": "Infinity Application",
          "fullFile": "",
          "file": "",
          "beforeHooks": [],
          "afterHooks": [],
          "tests": [],
          "suites": [
            {
              "uuid": "a8836b4c-db01-47e7-ac3c-1bb0eac24d0d",
              "title": "TS01: Visit Application URL",
              "fullFile": "",
              "file": "",
              "beforeHooks": [],
              "afterHooks": [],
              "tests": [
                {
                  "title": "TC1.1: Login page should be opened successfully",
                  "fullTitle": "Infinity Application TS01: Visit Application URL TC1.1: Login page should be opened successfully",
                  "timedOut": null,
                  "duration": 4022,
                  "state": "passed",
                  "speed": "fast",
                  "pass": true,
                  "fail": false,
                  "pending": false,
                  "context": null,
                  "code": "loginPage.visiturl();",
                  "err": {},
                  "uuid": "37c3df8c-0c2f-43c2-acd9-8dde2e421c0b",
                  "parentUUID": "a8836b4c-db01-47e7-ac3c-1bb0eac24d0d",
                  "isHook": false,
                  "skipped": false
                }
              ],
              "suites": [],
              "passes": [
                "37c3df8c-0c2f-43c2-acd9-8dde2e421c0b"
              ],
              "failures": [],
              "pending": [],
              "skipped": [],
              "duration": 4022,
              "root": false,
              "rootEmpty": false,
              "_timeout": 2000
            },
            {
              "uuid": "17e8afc7-3ed6-4428-b6c0-a0b794324dc4",
              "title": "TS02: Language Change Validation",
              "fullFile": "",
              "file": "",
              "beforeHooks": [],
              "afterHooks": [],
              "tests": [
                {
                  "title": "TC2.1: Change language to French and back to English",
                  "fullTitle": "Infinity Application TS02: Language Change Validation TC2.1: Change language to French and back to English",
                  "timedOut": null,
                  "duration": 6380,
                  "state": "passed",
                  "speed": "medium",
                  "pass": true,
                  "fail": false,
                  "pending": false,
                  "context": null,
                  "code": "loginPage.ValidateLanguageChange();",
                  "err": {},
                  "uuid": "def6c918-6fd1-48de-ae43-a6a6f099ee1b",
                  "parentUUID": "17e8afc7-3ed6-4428-b6c0-a0b794324dc4",
                  "isHook": false,
                  "skipped": false
                }
              ],
              "suites": [],
              "passes": [
                "def6c918-6fd1-48de-ae43-a6a6f099ee1b"
              ],
              "failures": [],
              "pending": [],
              "skipped": [],
              "duration": 6380,
              "root": false,
              "rootEmpty": false,
              "_timeout": 2000
            },
            {
              "uuid": "49b1d5d6-c8e4-46c2-9049-feac4f80abb4",
              "title": "TS03: Login and Verify Dashboard",
              "fullFile": "",
              "file": "",
              "beforeHooks": [],
              "afterHooks": [],
              "tests": [
                {
                  "title": "TC3.1 Login with Valid Credentials and check remember me box",
                  "fullTitle": "Infinity Application TS03: Login and Verify Dashboard TC3.1 Login with Valid Credentials and check remember me box",
                  "timedOut": null,
                  "duration": 664,
                  "state": "passed",
                  "speed": "fast",
                  "pass": true,
                  "fail": false,
                  "pending": false,
                  "context": null,
                  "code": "loginPage.login('apak', 'apak');",
                  "err": {},
                  "uuid": "40c54dd5-6328-474e-baaf-978995bf3dfb",
                  "parentUUID": "49b1d5d6-c8e4-46c2-9049-feac4f80abb4",
                  "isHook": false,
                  "skipped": false
                },
                {
                  "title": "TC3.2 Verify logged in user",
                  "fullTitle": "Infinity Application TS03: Login and Verify Dashboard TC3.2 Verify logged in user",
                  "timedOut": null,
                  "duration": 4344,
                  "state": "passed",
                  "speed": "fast",
                  "pass": true,
                  "fail": false,
                  "pending": false,
                  "context": null,
                  "code": "loginPage.verifyloggedInUser();",
                  "err": {},
                  "uuid": "8d4ab47e-f4d3-478e-ae3b-781f104a25e6",
                  "parentUUID": "49b1d5d6-c8e4-46c2-9049-feac4f80abb4",
                  "isHook": false,
                  "skipped": false
                },
                {
                  "title": "TC3.3 Verify Dashboard visibility",
                  "fullTitle": "Infinity Application TS03: Login and Verify Dashboard TC3.3 Verify Dashboard visibility",
                  "timedOut": null,
                  "duration": 12880,
                  "state": "passed",
                  "speed": "slow",
                  "pass": true,
                  "fail": false,
                  "pending": false,
                  "context": null,
                  "code": "loginPage.verifydashboardVisible();",
                  "err": {},
                  "uuid": "e2e7d408-3fa2-46a1-941b-84a95d26fde4",
                  "parentUUID": "49b1d5d6-c8e4-46c2-9049-feac4f80abb4",
                  "isHook": false,
                  "skipped": false
                }
              ],
              "suites": [],
              "passes": [
                "40c54dd5-6328-474e-baaf-978995bf3dfb",
                "8d4ab47e-f4d3-478e-ae3b-781f104a25e6",
                "e2e7d408-3fa2-46a1-941b-84a95d26fde4"
              ],
              "failures": [],
              "pending": [],
              "skipped": [],
              "duration": 17888,
              "root": false,
              "rootEmpty": false,
              "_timeout": 2000
            },
            {
              "uuid": "93ec3461-fa28-4337-bd0a-3829ed77216b",
              "title": "TS04: Sign out and Verify User is Logged Out",
              "fullFile": "",
              "file": "",
              "beforeHooks": [],
              "afterHooks": [],
              "tests": [
                {
                  "title": "TC4.1 Verify perfect signout",
                  "fullTitle": "Infinity Application TS04: Sign out and Verify User is Logged Out TC4.1 Verify perfect signout",
                  "timedOut": null,
                  "duration": 10727,
                  "state": "passed",
                  "speed": "slow",
                  "pass": true,
                  "fail": false,
                  "pending": false,
                  "context": null,
                  "code": "loginPage.Signout();",
                  "err": {},
                  "uuid": "41724be2-d33d-44be-b88d-c2ff004f92dc",
                  "parentUUID": "93ec3461-fa28-4337-bd0a-3829ed77216b",
                  "isHook": false,
                  "skipped": false
                },
                {
                  "title": "TC4.2 Verify Username Availability",
                  "fullTitle": "Infinity Application TS04: Sign out and Verify User is Logged Out TC4.2 Verify Username Availability",
                  "timedOut": null,
                  "duration": 36,
                  "state": "passed",
                  "speed": "fast",
                  "pass": true,
                  "fail": false,
                  "pending": false,
                  "context": null,
                  "code": "loginPage.verifyUsernameAfterLogout();",
                  "err": {},
                  "uuid": "aebefaac-9c2c-42ea-8011-726b6d6172e4",
                  "parentUUID": "93ec3461-fa28-4337-bd0a-3829ed77216b",
                  "isHook": false,
                  "skipped": false
                }
              ],
              "suites": [],
              "passes": [
                "41724be2-d33d-44be-b88d-c2ff004f92dc",
                "aebefaac-9c2c-42ea-8011-726b6d6172e4"
              ],
              "failures": [],
              "pending": [],
              "skipped": [],
              "duration": 10763,
              "root": false,
              "rootEmpty": false,
              "_timeout": 2000
            },
            {
              "uuid": "bae2fc11-e3c9-4241-9bb7-8d209eca545b",
              "title": "TS05: Verify forgot password functionality",
              "fullFile": "",
              "file": "",
              "beforeHooks": [],
              "afterHooks": [],
              "tests": [
                {
                  "title": "TC5.1 Verify Forgot Password functionality",
                  "fullTitle": "Infinity Application TS05: Verify forgot password functionality TC5.1 Verify Forgot Password functionality",
                  "timedOut": null,
                  "duration": 3470,
                  "state": "passed",
                  "speed": "fast",
                  "pass": true,
                  "fail": false,
                  "pending": false,
                  "context": null,
                  "code": "loginPage.verifyforgotpasswordfunctionality();",
                  "err": {},
                  "uuid": "b76db04d-d7dd-4489-ab37-ee2a3a332f69",
                  "parentUUID": "bae2fc11-e3c9-4241-9bb7-8d209eca545b",
                  "isHook": false,
                  "skipped": false
                }
              ],
              "suites": [],
              "passes": [
                "b76db04d-d7dd-4489-ab37-ee2a3a332f69"
              ],
              "failures": [],
              "pending": [],
              "skipped": [],
              "duration": 3470,
              "root": false,
              "rootEmpty": false,
              "_timeout": 2000
            }
          ],
          "passes": [],
          "failures": [],
          "pending": [],
          "skipped": [],
          "duration": 0,
          "root": false,
          "rootEmpty": false,
          "_timeout": 2000
        }
      ],
      "passes": [],
      "failures": [],
      "pending": [],
      "skipped": [],
      "duration": 0,
      "root": true,
      "rootEmpty": true,
      "_timeout": 2000
    },
    {
      "uuid": "278637f6-ada6-449b-bef0-2974f192c740",
      "title": "",
      "fullFile": "cypress\\e2e\\Application.cy.js",
      "file": "cypress\\e2e\\Application.cy.js",
      "beforeHooks": [],
      "afterHooks": [],
      "tests": [],
      "suites": [
        {
          "uuid": "fd79537b-5e7c-44a8-babd-a310403d060a",
          "title": "Infinity Application",
          "fullFile": "",
          "file": "",
          "beforeHooks": [],
          "afterHooks": [],
          "tests": [],
          "suites": [
            {
              "uuid": "1d669f6e-832a-427e-a4f9-6fb4e71a405e",
              "title": "TS01: Visit Application URL",
              "fullFile": "",
              "file": "",
              "beforeHooks": [],
              "afterHooks": [],
              "tests": [
                {
                  "title": "TC1.1: Login page should be opened successfully",
                  "fullTitle": "Infinity Application TS01: Visit Application URL TC1.1: Login page should be opened successfully",
                  "timedOut": null,
                  "duration": 3600,
                  "state": "passed",
                  "speed": "fast",
                  "pass": true,
                  "fail": false,
                  "pending": false,
                  "context": null,
                  "code": "loginPage.visiturl();",
                  "err": {},
                  "uuid": "14493803-2aba-48bd-8862-50aac826ce1e",
                  "parentUUID": "1d669f6e-832a-427e-a4f9-6fb4e71a405e",
                  "isHook": false,
                  "skipped": false
                }
              ],
              "suites": [],
              "passes": [
                "14493803-2aba-48bd-8862-50aac826ce1e"
              ],
              "failures": [],
              "pending": [],
              "skipped": [],
              "duration": 3600,
              "root": false,
              "rootEmpty": false,
              "_timeout": 2000
            },
            {
              "uuid": "6d32a8b8-253a-40b4-8233-fbed1f984b9b",
              "title": "TS02: Language Change Validation",
              "fullFile": "",
              "file": "",
              "beforeHooks": [],
              "afterHooks": [],
              "tests": [
                {
                  "title": "TC2.1: Change language to French and back to English",
                  "fullTitle": "Infinity Application TS02: Language Change Validation TC2.1: Change language to French and back to English",
                  "timedOut": null,
                  "duration": 6521,
                  "state": "passed",
                  "speed": "medium",
                  "pass": true,
                  "fail": false,
                  "pending": false,
                  "context": null,
                  "code": "loginPage.ValidateLanguageChange();",
                  "err": {},
                  "uuid": "904eb7e0-dd52-4b2e-8127-3ecfa42b458e",
                  "parentUUID": "6d32a8b8-253a-40b4-8233-fbed1f984b9b",
                  "isHook": false,
                  "skipped": false
                }
              ],
              "suites": [],
              "passes": [
                "904eb7e0-dd52-4b2e-8127-3ecfa42b458e"
              ],
              "failures": [],
              "pending": [],
              "skipped": [],
              "duration": 6521,
              "root": false,
              "rootEmpty": false,
              "_timeout": 2000
            },
            {
              "uuid": "0e0eef64-e825-4b05-9a50-f6f33142b3ef",
              "title": "TS03: Login and Verify Dashboard",
              "fullFile": "",
              "file": "",
              "beforeHooks": [],
              "afterHooks": [],
              "tests": [
                {
                  "title": "TC3.1 Login with Valid Credentials and check remember me box",
                  "fullTitle": "Infinity Application TS03: Login and Verify Dashboard TC3.1 Login with Valid Credentials and check remember me box",
                  "timedOut": null,
                  "duration": 836,
                  "state": "passed",
                  "speed": "fast",
                  "pass": true,
                  "fail": false,
                  "pending": false,
                  "context": null,
                  "code": "loginPage.login('apak', 'apak');",
                  "err": {},
                  "uuid": "73035e7a-80d6-4cf4-9624-13d1e49a6ef8",
                  "parentUUID": "0e0eef64-e825-4b05-9a50-f6f33142b3ef",
                  "isHook": false,
                  "skipped": false
                },
                {
                  "title": "TC3.2 Verify logged in user",
                  "fullTitle": "Infinity Application TS03: Login and Verify Dashboard TC3.2 Verify logged in user",
                  "timedOut": null,
                  "duration": 4510,
                  "state": "passed",
                  "speed": "fast",
                  "pass": true,
                  "fail": false,
                  "pending": false,
                  "context": null,
                  "code": "loginPage.verifyloggedInUser();",
                  "err": {},
                  "uuid": "4df132fc-fbd3-43f9-b17b-f5e3c9f8c06d",
                  "parentUUID": "0e0eef64-e825-4b05-9a50-f6f33142b3ef",
                  "isHook": false,
                  "skipped": false
                },
                {
                  "title": "TC3.3 Verify Dashboard visibility",
                  "fullTitle": "Infinity Application TS03: Login and Verify Dashboard TC3.3 Verify Dashboard visibility",
                  "timedOut": null,
                  "duration": 12992,
                  "state": "passed",
                  "speed": "slow",
                  "pass": true,
                  "fail": false,
                  "pending": false,
                  "context": null,
                  "code": "loginPage.verifydashboardVisible();",
                  "err": {},
                  "uuid": "5b29bc1f-762f-429a-996e-0e2f64f6f864",
                  "parentUUID": "0e0eef64-e825-4b05-9a50-f6f33142b3ef",
                  "isHook": false,
                  "skipped": false
                }
              ],
              "suites": [],
              "passes": [
                "73035e7a-80d6-4cf4-9624-13d1e49a6ef8",
                "4df132fc-fbd3-43f9-b17b-f5e3c9f8c06d",
                "5b29bc1f-762f-429a-996e-0e2f64f6f864"
              ],
              "failures": [],
              "pending": [],
              "skipped": [],
              "duration": 18338,
              "root": false,
              "rootEmpty": false,
              "_timeout": 2000
            },
            {
              "uuid": "1467bb81-9d94-4266-a30d-25d14d5f12b5",
              "title": "TS04: Sign out and Verify User is Logged Out",
              "fullFile": "",
              "file": "",
              "beforeHooks": [],
              "afterHooks": [],
              "tests": [
                {
                  "title": "TC4.1 Verify perfect signout",
                  "fullTitle": "Infinity Application TS04: Sign out and Verify User is Logged Out TC4.1 Verify perfect signout",
                  "timedOut": null,
                  "duration": 2888,
                  "state": "passed",
                  "speed": "fast",
                  "pass": true,
                  "fail": false,
                  "pending": false,
                  "context": null,
                  "code": "loginPage.Signout();",
                  "err": {},
                  "uuid": "bb7ed7e8-beb3-45f0-a9cf-b719cd8e91f6",
                  "parentUUID": "1467bb81-9d94-4266-a30d-25d14d5f12b5",
                  "isHook": false,
                  "skipped": false
                },
                {
                  "title": "TC4.2 Verify Username Availability",
                  "fullTitle": "Infinity Application TS04: Sign out and Verify User is Logged Out TC4.2 Verify Username Availability",
                  "timedOut": null,
                  "duration": 32,
                  "state": "passed",
                  "speed": "fast",
                  "pass": true,
                  "fail": false,
                  "pending": false,
                  "context": null,
                  "code": "loginPage.verifyUsernameAfterLogout();",
                  "err": {},
                  "uuid": "58dbefd5-2b15-4fa9-834a-a20ecf9cae37",
                  "parentUUID": "1467bb81-9d94-4266-a30d-25d14d5f12b5",
                  "isHook": false,
                  "skipped": false
                }
              ],
              "suites": [],
              "passes": [
                "bb7ed7e8-beb3-45f0-a9cf-b719cd8e91f6",
                "58dbefd5-2b15-4fa9-834a-a20ecf9cae37"
              ],
              "failures": [],
              "pending": [],
              "skipped": [],
              "duration": 2920,
              "root": false,
              "rootEmpty": false,
              "_timeout": 2000
            },
            {
              "uuid": "554f89d2-3220-4925-9455-0378a50c42e6",
              "title": "TS05: Verify forgot password functionality",
              "fullFile": "",
              "file": "",
              "beforeHooks": [],
              "afterHooks": [],
              "tests": [
                {
                  "title": "TC5.1 Verify Forgot Password functionality",
                  "fullTitle": "Infinity Application TS05: Verify forgot password functionality TC5.1 Verify Forgot Password functionality",
                  "timedOut": null,
                  "duration": 3080,
                  "state": "passed",
                  "speed": "fast",
                  "pass": true,
                  "fail": false,
                  "pending": false,
                  "context": null,
                  "code": "loginPage.verifyforgotpasswordfunctionality();",
                  "err": {},
                  "uuid": "3d950ff5-d5a4-4e21-91ec-17cff4a967c2",
                  "parentUUID": "554f89d2-3220-4925-9455-0378a50c42e6",
                  "isHook": false,
                  "skipped": false
                }
              ],
              "suites": [],
              "passes": [
                "3d950ff5-d5a4-4e21-91ec-17cff4a967c2"
              ],
              "failures": [],
              "pending": [],
              "skipped": [],
              "duration": 3080,
              "root": false,
              "rootEmpty": false,
              "_timeout": 2000
            }
          ],
          "passes": [],
          "failures": [],
          "pending": [],
          "skipped": [],
          "duration": 0,
          "root": false,
          "rootEmpty": false,
          "_timeout": 2000
        }
      ],
      "passes": [],
      "failures": [],
      "pending": [],
      "skipped": [],
      "duration": 0,
      "root": true,
      "rootEmpty": true,
      "_timeout": 2000
    },
    {
      "uuid": "52096ef1-2db6-43d1-993f-44315e82de09",
      "title": "",
      "fullFile": "cypress\\e2e\\Application.cy.js",
      "file": "cypress\\e2e\\Application.cy.js",
      "beforeHooks": [],
      "afterHooks": [],
      "tests": [],
      "suites": [
        {
          "uuid": "337d3ab0-b5c5-4322-b900-7ef39d66c2ea",
          "title": "Infinity Application",
          "fullFile": "",
          "file": "",
          "beforeHooks": [],
          "afterHooks": [],
          "tests": [],
          "suites": [
            {
              "uuid": "2e13f1a8-d3ae-4960-9aa0-7aa3c54e217e",
              "title": "TS01: Visit Application URL",
              "fullFile": "",
              "file": "",
              "beforeHooks": [],
              "afterHooks": [],
              "tests": [
                {
                  "title": "TC1.1: Login page should be opened successfully",
                  "fullTitle": "Infinity Application TS01: Visit Application URL TC1.1: Login page should be opened successfully",
                  "timedOut": null,
                  "duration": 3994,
                  "state": "passed",
                  "speed": "fast",
                  "pass": true,
                  "fail": false,
                  "pending": false,
                  "context": null,
                  "code": "loginPage.visiturl();",
                  "err": {},
                  "uuid": "631e5c4f-8e71-48fd-ba0a-4229d0dca50f",
                  "parentUUID": "2e13f1a8-d3ae-4960-9aa0-7aa3c54e217e",
                  "isHook": false,
                  "skipped": false
                }
              ],
              "suites": [],
              "passes": [
                "631e5c4f-8e71-48fd-ba0a-4229d0dca50f"
              ],
              "failures": [],
              "pending": [],
              "skipped": [],
              "duration": 3994,
              "root": false,
              "rootEmpty": false,
              "_timeout": 2000
            },
            {
              "uuid": "e4cdd88b-90fe-4158-91a6-9d678a2ce6b9",
              "title": "TS02: Language Change Validation",
              "fullFile": "",
              "file": "",
              "beforeHooks": [],
              "afterHooks": [],
              "tests": [
                {
                  "title": "TC2.1: Change language to French and back to English",
                  "fullTitle": "Infinity Application TS02: Language Change Validation TC2.1: Change language to French and back to English",
                  "timedOut": null,
                  "duration": 6392,
                  "state": "passed",
                  "speed": "medium",
                  "pass": true,
                  "fail": false,
                  "pending": false,
                  "context": null,
                  "code": "loginPage.ValidateLanguageChange();",
                  "err": {},
                  "uuid": "6a9eb689-da5d-4f07-a7a2-94b023c3711f",
                  "parentUUID": "e4cdd88b-90fe-4158-91a6-9d678a2ce6b9",
                  "isHook": false,
                  "skipped": false
                }
              ],
              "suites": [],
              "passes": [
                "6a9eb689-da5d-4f07-a7a2-94b023c3711f"
              ],
              "failures": [],
              "pending": [],
              "skipped": [],
              "duration": 6392,
              "root": false,
              "rootEmpty": false,
              "_timeout": 2000
            },
            {
              "uuid": "8efef221-2c78-4806-8c34-a48a2c151395",
              "title": "TS03: Login and Verify Dashboard",
              "fullFile": "",
              "file": "",
              "beforeHooks": [],
              "afterHooks": [],
              "tests": [
                {
                  "title": "TC3.1 Login with Valid Credentials and check remember me box",
                  "fullTitle": "Infinity Application TS03: Login and Verify Dashboard TC3.1 Login with Valid Credentials and check remember me box",
                  "timedOut": null,
                  "duration": 646,
                  "state": "passed",
                  "speed": "fast",
                  "pass": true,
                  "fail": false,
                  "pending": false,
                  "context": null,
                  "code": "loginPage.login('apak', 'apak');",
                  "err": {},
                  "uuid": "895d4e11-ce42-40d9-a5e0-bbbc7728cd50",
                  "parentUUID": "8efef221-2c78-4806-8c34-a48a2c151395",
                  "isHook": false,
                  "skipped": false
                },
                {
                  "title": "TC3.2 Verify logged in user",
                  "fullTitle": "Infinity Application TS03: Login and Verify Dashboard TC3.2 Verify logged in user",
                  "timedOut": null,
                  "duration": 4438,
                  "state": "passed",
                  "speed": "fast",
                  "pass": true,
                  "fail": false,
                  "pending": false,
                  "context": null,
                  "code": "loginPage.verifyloggedInUser();",
                  "err": {},
                  "uuid": "3d9380dd-f39f-4991-a485-cf81b6d8b27a",
                  "parentUUID": "8efef221-2c78-4806-8c34-a48a2c151395",
                  "isHook": false,
                  "skipped": false
                },
                {
                  "title": "TC3.3 Verify Dashboard visibility",
                  "fullTitle": "Infinity Application TS03: Login and Verify Dashboard TC3.3 Verify Dashboard visibility",
                  "timedOut": null,
                  "duration": 11493,
                  "state": "passed",
                  "speed": "slow",
                  "pass": true,
                  "fail": false,
                  "pending": false,
                  "context": null,
                  "code": "loginPage.verifydashboardVisible();",
                  "err": {},
                  "uuid": "fd9e8e42-db6c-4874-9770-95df4d3999c0",
                  "parentUUID": "8efef221-2c78-4806-8c34-a48a2c151395",
                  "isHook": false,
                  "skipped": false
                }
              ],
              "suites": [],
              "passes": [
                "895d4e11-ce42-40d9-a5e0-bbbc7728cd50",
                "3d9380dd-f39f-4991-a485-cf81b6d8b27a",
                "fd9e8e42-db6c-4874-9770-95df4d3999c0"
              ],
              "failures": [],
              "pending": [],
              "skipped": [],
              "duration": 16577,
              "root": false,
              "rootEmpty": false,
              "_timeout": 2000
            },
            {
              "uuid": "9a0afa78-9ec7-4feb-a4c9-6be13b1521b4",
              "title": "TS04: Sign out and Verify User is Logged Out",
              "fullFile": "",
              "file": "",
              "beforeHooks": [],
              "afterHooks": [],
              "tests": [
                {
                  "title": "TC4.1 Verify perfect signout",
                  "fullTitle": "Infinity Application TS04: Sign out and Verify User is Logged Out TC4.1 Verify perfect signout",
                  "timedOut": null,
                  "duration": 14331,
                  "state": "passed",
                  "speed": "slow",
                  "pass": true,
                  "fail": false,
                  "pending": false,
                  "context": null,
                  "code": "loginPage.Signout();",
                  "err": {},
                  "uuid": "8a2bdb27-c0b5-4587-9a14-7c02d61fff96",
                  "parentUUID": "9a0afa78-9ec7-4feb-a4c9-6be13b1521b4",
                  "isHook": false,
                  "skipped": false
                },
                {
                  "title": "TC4.2 Verify Username Availability",
                  "fullTitle": "Infinity Application TS04: Sign out and Verify User is Logged Out TC4.2 Verify Username Availability",
                  "timedOut": null,
                  "duration": 9,
                  "state": "passed",
                  "speed": "fast",
                  "pass": true,
                  "fail": false,
                  "pending": false,
                  "context": null,
                  "code": "loginPage.verifyUsernameAfterLogout();",
                  "err": {},
                  "uuid": "9fe499c4-d27d-4c55-bda4-81b4de2612f2",
                  "parentUUID": "9a0afa78-9ec7-4feb-a4c9-6be13b1521b4",
                  "isHook": false,
                  "skipped": false
                }
              ],
              "suites": [],
              "passes": [
                "8a2bdb27-c0b5-4587-9a14-7c02d61fff96",
                "9fe499c4-d27d-4c55-bda4-81b4de2612f2"
              ],
              "failures": [],
              "pending": [],
              "skipped": [],
              "duration": 14340,
              "root": false,
              "rootEmpty": false,
              "_timeout": 2000
            },
            {
              "uuid": "6f3ec22e-27c3-41e4-b9b3-cd49cc2027b8",
              "title": "TS05: Verify forgot password functionality",
              "fullFile": "",
              "file": "",
              "beforeHooks": [],
              "afterHooks": [],
              "tests": [
                {
                  "title": "TC5.1 Verify Forgot Password functionality",
                  "fullTitle": "Infinity Application TS05: Verify forgot password functionality TC5.1 Verify Forgot Password functionality",
                  "timedOut": null,
                  "duration": 3546,
                  "state": "passed",
                  "speed": "fast",
                  "pass": true,
                  "fail": false,
                  "pending": false,
                  "context": null,
                  "code": "loginPage.verifyforgotpasswordfunctionality();",
                  "err": {},
                  "uuid": "6e9596cc-6f4c-47a2-aa17-ce5f6bc23da4",
                  "parentUUID": "6f3ec22e-27c3-41e4-b9b3-cd49cc2027b8",
                  "isHook": false,
                  "skipped": false
                }
              ],
              "suites": [],
              "passes": [
                "6e9596cc-6f4c-47a2-aa17-ce5f6bc23da4"
              ],
              "failures": [],
              "pending": [],
              "skipped": [],
              "duration": 3546,
              "root": false,
              "rootEmpty": false,
              "_timeout": 2000
            }
          ],
          "passes": [],
          "failures": [],
          "pending": [],
          "skipped": [],
          "duration": 0,
          "root": false,
          "rootEmpty": false,
          "_timeout": 2000
        }
      ],
      "passes": [],
      "failures": [],
      "pending": [],
      "skipped": [],
      "duration": 0,
      "root": true,
      "rootEmpty": true,
      "_timeout": 2000
    },
    {
      "uuid": "ceba4820-ff5d-4659-959a-63e5de2b78b4",
      "title": "",
      "fullFile": "cypress\\e2e\\Application.cy.js",
      "file": "cypress\\e2e\\Application.cy.js",
      "beforeHooks": [],
      "afterHooks": [],
      "tests": [],
      "suites": [
        {
          "uuid": "62f11220-04b4-4cb8-86aa-238a3d93598e",
          "title": "Infinity Application",
          "fullFile": "",
          "file": "",
          "beforeHooks": [],
          "afterHooks": [],
          "tests": [],
          "suites": [
            {
              "uuid": "cc3d0780-a5b6-4ef0-b434-4657a7658dfa",
              "title": "TS01: Visit Application URL",
              "fullFile": "",
              "file": "",
              "beforeHooks": [],
              "afterHooks": [],
              "tests": [
                {
                  "title": "TC1.1: Login page should be opened successfully",
                  "fullTitle": "Infinity Application TS01: Visit Application URL TC1.1: Login page should be opened successfully",
                  "timedOut": null,
                  "duration": 3780,
                  "state": "passed",
                  "speed": "fast",
                  "pass": true,
                  "fail": false,
                  "pending": false,
                  "context": null,
                  "code": "loginPage.visiturl();",
                  "err": {},
                  "uuid": "947050a4-81a3-4ec4-99ac-317e9f5333f5",
                  "parentUUID": "cc3d0780-a5b6-4ef0-b434-4657a7658dfa",
                  "isHook": false,
                  "skipped": false
                }
              ],
              "suites": [],
              "passes": [
                "947050a4-81a3-4ec4-99ac-317e9f5333f5"
              ],
              "failures": [],
              "pending": [],
              "skipped": [],
              "duration": 3780,
              "root": false,
              "rootEmpty": false,
              "_timeout": 2000
            },
            {
              "uuid": "314999b4-705a-43d5-b250-0461009a16d9",
              "title": "TS02: Language Change Validation",
              "fullFile": "",
              "file": "",
              "beforeHooks": [],
              "afterHooks": [],
              "tests": [
                {
                  "title": "TC2.1: Change language to French and back to English",
                  "fullTitle": "Infinity Application TS02: Language Change Validation TC2.1: Change language to French and back to English",
                  "timedOut": null,
                  "duration": 6396,
                  "state": "passed",
                  "speed": "medium",
                  "pass": true,
                  "fail": false,
                  "pending": false,
                  "context": null,
                  "code": "loginPage.ValidateLanguageChange();",
                  "err": {},
                  "uuid": "185a0f18-c0fa-4001-a538-ed2ba0fe8c98",
                  "parentUUID": "314999b4-705a-43d5-b250-0461009a16d9",
                  "isHook": false,
                  "skipped": false
                }
              ],
              "suites": [],
              "passes": [
                "185a0f18-c0fa-4001-a538-ed2ba0fe8c98"
              ],
              "failures": [],
              "pending": [],
              "skipped": [],
              "duration": 6396,
              "root": false,
              "rootEmpty": false,
              "_timeout": 2000
            },
            {
              "uuid": "93a67d18-5ba4-4b8d-bef8-05592431a02a",
              "title": "TS03: Login and Verify Dashboard",
              "fullFile": "",
              "file": "",
              "beforeHooks": [],
              "afterHooks": [],
              "tests": [
                {
                  "title": "TC3.1 Login with Valid Credentials and check remember me box",
                  "fullTitle": "Infinity Application TS03: Login and Verify Dashboard TC3.1 Login with Valid Credentials and check remember me box",
                  "timedOut": null,
                  "duration": 646,
                  "state": "passed",
                  "speed": "fast",
                  "pass": true,
                  "fail": false,
                  "pending": false,
                  "context": null,
                  "code": "loginPage.login('apak', 'apak');",
                  "err": {},
                  "uuid": "57407a3b-63de-434d-95f7-f498fd0f4502",
                  "parentUUID": "93a67d18-5ba4-4b8d-bef8-05592431a02a",
                  "isHook": false,
                  "skipped": false
                },
                {
                  "title": "TC3.2 Verify logged in user",
                  "fullTitle": "Infinity Application TS03: Login and Verify Dashboard TC3.2 Verify logged in user",
                  "timedOut": null,
                  "duration": 4200,
                  "state": "passed",
                  "speed": "fast",
                  "pass": true,
                  "fail": false,
                  "pending": false,
                  "context": null,
                  "code": "loginPage.verifyloggedInUser();",
                  "err": {},
                  "uuid": "beef27e8-9b11-4f7c-b062-ef4a49ada562",
                  "parentUUID": "93a67d18-5ba4-4b8d-bef8-05592431a02a",
                  "isHook": false,
                  "skipped": false
                },
                {
                  "title": "TC3.3 Verify Dashboard visibility",
                  "fullTitle": "Infinity Application TS03: Login and Verify Dashboard TC3.3 Verify Dashboard visibility",
                  "timedOut": null,
                  "duration": 9539,
                  "state": "passed",
                  "speed": "medium",
                  "pass": true,
                  "fail": false,
                  "pending": false,
                  "context": null,
                  "code": "loginPage.verifydashboardVisible();",
                  "err": {},
                  "uuid": "2d7caa38-55b6-41eb-9de1-7209ab0e2918",
                  "parentUUID": "93a67d18-5ba4-4b8d-bef8-05592431a02a",
                  "isHook": false,
                  "skipped": false
                }
              ],
              "suites": [],
              "passes": [
                "57407a3b-63de-434d-95f7-f498fd0f4502",
                "beef27e8-9b11-4f7c-b062-ef4a49ada562",
                "2d7caa38-55b6-41eb-9de1-7209ab0e2918"
              ],
              "failures": [],
              "pending": [],
              "skipped": [],
              "duration": 14385,
              "root": false,
              "rootEmpty": false,
              "_timeout": 2000
            },
            {
              "uuid": "24eeaae3-1436-4247-96c3-8a9ad6b216d7",
              "title": "TS04: Sign out and Verify User is Logged Out",
              "fullFile": "",
              "file": "",
              "beforeHooks": [],
              "afterHooks": [],
              "tests": [
                {
                  "title": "TC4.1 Verify perfect signout",
                  "fullTitle": "Infinity Application TS04: Sign out and Verify User is Logged Out TC4.1 Verify perfect signout",
                  "timedOut": null,
                  "duration": 2208,
                  "state": "passed",
                  "speed": "fast",
                  "pass": true,
                  "fail": false,
                  "pending": false,
                  "context": null,
                  "code": "loginPage.Signout();",
                  "err": {},
                  "uuid": "d2d604a7-e499-41ef-8dd3-53b655cdec90",
                  "parentUUID": "24eeaae3-1436-4247-96c3-8a9ad6b216d7",
                  "isHook": false,
                  "skipped": false
                },
                {
                  "title": "TC4.2 Verify Username Availability",
                  "fullTitle": "Infinity Application TS04: Sign out and Verify User is Logged Out TC4.2 Verify Username Availability",
                  "timedOut": null,
                  "duration": 7,
                  "state": "passed",
                  "speed": "fast",
                  "pass": true,
                  "fail": false,
                  "pending": false,
                  "context": null,
                  "code": "loginPage.verifyUsernameAfterLogout();",
                  "err": {},
                  "uuid": "d42af6f3-9543-456f-a8c6-4bce8faf0723",
                  "parentUUID": "24eeaae3-1436-4247-96c3-8a9ad6b216d7",
                  "isHook": false,
                  "skipped": false
                }
              ],
              "suites": [],
              "passes": [
                "d2d604a7-e499-41ef-8dd3-53b655cdec90",
                "d42af6f3-9543-456f-a8c6-4bce8faf0723"
              ],
              "failures": [],
              "pending": [],
              "skipped": [],
              "duration": 2215,
              "root": false,
              "rootEmpty": false,
              "_timeout": 2000
            },
            {
              "uuid": "ded4cc86-c54c-459d-b375-3381fa8d18cb",
              "title": "TS05: Verify forgot password functionality",
              "fullFile": "",
              "file": "",
              "beforeHooks": [],
              "afterHooks": [],
              "tests": [
                {
                  "title": "TC5.1 Verify Forgot Password functionality",
                  "fullTitle": "Infinity Application TS05: Verify forgot password functionality TC5.1 Verify Forgot Password functionality",
                  "timedOut": null,
                  "duration": 4610,
                  "state": "failed",
                  "speed": null,
                  "pass": false,
                  "fail": true,
                  "pending": false,
                  "context": null,
                  "code": "loginPage.verifyforgotpasswordfunctionality();",
                  "err": {
                    "message": "AssertionError: Timed out retrying after 4000ms: expected '<input#txt-email-pwd.form-control.adjust-font>' to have value 'asad.hashmi@constellationfs.com', but the value was 'a'",
                    "estack": "AssertionError: Timed out retrying after 4000ms: expected '<input#txt-email-pwd.form-control.adjust-font>' to have value 'asad.hashmi@constellationfs.com', but the value was 'a'\n    at LoginPage.verifyforgotpasswordfunctionality (webpack://infinityautomation/./cypress/e2e/pages/OM_login.js:111:5)\n    at Context.eval (webpack://infinityautomation/./cypress/e2e/Application.cy.js:57:22)",
                    "diff": "- 'a'\n+ 'asad.hashmi@constellationfs.com'\n"
                  },
                  "uuid": "e3d7791a-ffb9-4c4f-9224-27880eec00f4",
                  "parentUUID": "ded4cc86-c54c-459d-b375-3381fa8d18cb",
                  "isHook": false,
                  "skipped": false
                }
              ],
              "suites": [],
              "passes": [],
              "failures": [
                "e3d7791a-ffb9-4c4f-9224-27880eec00f4"
              ],
              "pending": [],
              "skipped": [],
              "duration": 4610,
              "root": false,
              "rootEmpty": false,
              "_timeout": 2000
            }
          ],
          "passes": [],
          "failures": [],
          "pending": [],
          "skipped": [],
          "duration": 0,
          "root": false,
          "rootEmpty": false,
          "_timeout": 2000
        }
      ],
      "passes": [],
      "failures": [],
      "pending": [],
      "skipped": [],
      "duration": 0,
      "root": true,
      "rootEmpty": true,
      "_timeout": 2000
    }
  ],
  "meta": {
    "mocha": {
      "version": "7.2.0"
    },
    "mochawesome": {
      "options": {
        "quiet": false,
        "reportFilename": "mochawesome",
        "saveHtml": true,
        "saveJson": true,
        "consoleReporter": "spec",
        "useInlineDiffs": false,
        "code": true
      },
      "version": "7.1.4"
    },
    "marge": {
      "options": {
        "id": "default",
        "charts": true,
        "overwrite": false,
        "html": true,
        "json": true,
        "reportDir": "cypress/results"
      },
      "version": "6.3.0"
    }
  }
}